Using pre-set license
Built from '2020.3/staging' branch; Version is '2020.3.11f1 (99c7afb366b3) revision 10078127'; Using compiler version '192528614'; Build Type 'Release'
OS: 'Windows 10 Home; OS build 19042.1083; Version 2009; 64bit' Language: 'en' Physical Memory: 16245 MB
BatchMode: 1, IsHumanControllingUs: 0, StartBugReporterOnCrash: 0, Is64bit: 1, IsPro: 0

 COMMAND LINE ARGUMENTS:
C:\Program Files\Unity\Hub\Editor\2020.3.11f1\Editor\Unity.exe
-adb2
-batchMode
-noUpm
-name
AssetImportWorker0
-projectPath
C:/Users/megtr/OneDrive/Documents/GitHub/2048Game/2048GameUnity
-logFile
Logs/AssetImportWorker0.log
-srvPort
49992
Successfully changed project path to: C:/Users/megtr/OneDrive/Documents/GitHub/2048Game/2048GameUnity
C:/Users/megtr/OneDrive/Documents/GitHub/2048Game/2048GameUnity
Using Asset Import Pipeline V2.
Refreshing native plugins compatible for Editor in 27.03 ms, found 2 plugins.
Preloading 0 native plugins for Editor in 0.00 ms.
Initialize engine version: 2020.3.11f1 (99c7afb366b3)
[Subsystems] Discovering subsystems at path C:/Program Files/Unity/Hub/Editor/2020.3.11f1/Editor/Data/Resources/UnitySubsystems
[Subsystems] Discovering subsystems at path C:/Users/megtr/OneDrive/Documents/GitHub/2048Game/2048GameUnity/Assets
GfxDevice: creating device client; threaded=0
Direct3D:
    Version:  Direct3D 11.0 [level 11.1]
    Renderer: NVIDIA GeForce GTX 1660 SUPER (ID=0x21c4)
    Vendor:   
    VRAM:     5991 MB
    Driver:   27.21.14.5785
Initialize mono
Mono path[0] = 'C:/Program Files/Unity/Hub/Editor/2020.3.11f1/Editor/Data/Managed'
Mono path[1] = 'C:/Program Files/Unity/Hub/Editor/2020.3.11f1/Editor/Data/MonoBleedingEdge/lib/mono/unityjit'
Mono config path = 'C:/Program Files/Unity/Hub/Editor/2020.3.11f1/Editor/Data/MonoBleedingEdge/etc'
Using monoOptions --debugger-agent=transport=dt_socket,embedding=1,server=y,suspend=n,address=127.0.0.1:56592
Begin MonoManager ReloadAssembly
Registering precompiled unity dll's ...
Register platform support module: C:/Program Files/Unity/Hub/Editor/2020.3.11f1/Editor/Data/PlaybackEngines/WindowsStandaloneSupport/UnityEditor.WindowsStandalone.Extensions.dll
Registered in 0.001594 seconds.
Native extension for WindowsStandalone target not found
Refreshing native plugins compatible for Editor in 24.44 ms, found 2 plugins.
Preloading 0 native plugins for Editor in 0.00 ms.
Mono: successfully reloaded assembly
- Completed reload, in  0.857 seconds
Platform modules already initialized, skipping
Registering precompiled user dll's ...
Registered in 0.002899 seconds.
Begin MonoManager ReloadAssembly
Native extension for WindowsStandalone target not found
Refreshing native plugins compatible for Editor in 0.33 ms, found 2 plugins.
Preloading 0 native plugins for Editor in 0.00 ms.
Mono: successfully reloaded assembly
- Completed reload, in  4.325 seconds
Platform modules already initialized, skipping
========================================================================
Worker process is ready to serve import requests
Launched and connected shader compiler UnityShaderCompiler.exe after 0.05 seconds
Refreshing native plugins compatible for Editor in 0.28 ms, found 2 plugins.
Preloading 0 native plugins for Editor in 0.00 ms.
Unloading 1387 Unused Serialized files (Serialized files now loaded: 0)
System memory in use before: 64.7 MB.
System memory in use after: 64.8 MB.

Unloading 19 unused Assets to reduce memory usage. Loaded Objects now: 1820.
Total: 1.839800 ms (FindLiveObjects: 0.148200 ms CreateObjectMapping: 0.028300 ms MarkObjects: 1.592500 ms  DeleteObjects: 0.069600 ms)

========================================================================
Received Import Request.
  path: Assets/Materials 1/GroundMaterial.mat
  artifactKey: Guid(da9519ba96cb8dc48aca3da9ed41700a) Importer(815301076,1909f56bfc062723c751e8b465ee728b)
Start importing Assets/Materials 1/GroundMaterial.mat using Guid(da9519ba96cb8dc48aca3da9ed41700a) Importer(815301076,1909f56bfc062723c751e8b465ee728b)  -> (artifact id: '99fe6db2bd6f76f05bc3f1f0279b1c35') in 0.099167 seconds
  Import took 0.101418 seconds .

========================================================================
Received Prepare
Registering precompiled user dll's ...
Registered in 0.068294 seconds.
Begin MonoManager ReloadAssembly
Native extension for WindowsStandalone target not found
Refreshing native plugins compatible for Editor in 0.33 ms, found 2 plugins.
Preloading 0 native plugins for Editor in 0.00 ms.
Mono: successfully reloaded assembly
- Completed reload, in  0.731 seconds
Platform modules already initialized, skipping
Refreshing native plugins compatible for Editor in 0.30 ms, found 2 plugins.
Preloading 0 native plugins for Editor in 0.00 ms.
Unloading 1382 Unused Serialized files (Serialized files now loaded: 0)
System memory in use before: 68.0 MB.
System memory in use after: 68.1 MB.

Unloading 14 unused Assets to reduce memory usage. Loaded Objects now: 1863.
Total: 1.666000 ms (FindLiveObjects: 0.161100 ms CreateObjectMapping: 0.034900 ms MarkObjects: 1.419100 ms  DeleteObjects: 0.049800 ms)

========================================================================
Received Import Request.
  Time since last request: 283.186058 seconds.
  path: Assets/Scripts/GridManager.cs
  artifactKey: Guid(bb1e0d1961c66fc4aa8ba16098df853f) Importer(815301076,1909f56bfc062723c751e8b465ee728b)
Start importing Assets/Scripts/GridManager.cs using Guid(bb1e0d1961c66fc4aa8ba16098df853f) Importer(815301076,1909f56bfc062723c751e8b465ee728b)  -> (artifact id: '05ed3b244a4947c62445d6debd3431b3') in 0.013043 seconds
  Import took 0.015182 seconds .

========================================================================
Received Import Request.
  Time since last request: 0.014501 seconds.
  path: Assets/Scripts/GridManager.cs
  artifactKey: Guid(bb1e0d1961c66fc4aa8ba16098df853f) Importer(815301076,1909f56bfc062723c751e8b465ee728b)
Start importing Assets/Scripts/GridManager.cs using Guid(bb1e0d1961c66fc4aa8ba16098df853f) Importer(815301076,1909f56bfc062723c751e8b465ee728b)  -> (artifact id: '05ed3b244a4947c62445d6debd3431b3') in 0.002090 seconds
  Import took 0.004113 seconds .

========================================================================
Received Prepare
Registering precompiled user dll's ...
Registered in 0.002888 seconds.
Begin MonoManager ReloadAssembly
Native extension for WindowsStandalone target not found
Refreshing native plugins compatible for Editor in 0.30 ms, found 2 plugins.
Preloading 0 native plugins for Editor in 0.00 ms.
Mono: successfully reloaded assembly
- Completed reload, in  0.728 seconds
Platform modules already initialized, skipping
Refreshing native plugins compatible for Editor in 0.29 ms, found 2 plugins.
Preloading 0 native plugins for Editor in 0.00 ms.
Unloading 1382 Unused Serialized files (Serialized files now loaded: 0)
System memory in use before: 68.0 MB.
System memory in use after: 68.1 MB.

Unloading 14 unused Assets to reduce memory usage. Loaded Objects now: 1866.
Total: 1.739700 ms (FindLiveObjects: 0.149400 ms CreateObjectMapping: 0.029500 ms MarkObjects: 1.506100 ms  DeleteObjects: 0.053500 ms)

========================================================================
Received Import Request.
  Time since last request: 287.430193 seconds.
  path: Assets/Scripts/GridManager.cs
  artifactKey: Guid(bb1e0d1961c66fc4aa8ba16098df853f) Importer(815301076,1909f56bfc062723c751e8b465ee728b)
Start importing Assets/Scripts/GridManager.cs using Guid(bb1e0d1961c66fc4aa8ba16098df853f) Importer(815301076,1909f56bfc062723c751e8b465ee728b)  -> (artifact id: 'dcfe03735c2aea002d293c2a498c50a9') in 0.004150 seconds
  Import took 0.006240 seconds .

========================================================================
Received Import Request.
  Time since last request: 22.843274 seconds.
  path: Assets/Scripts/GridManager.cs
  artifactKey: Guid(bb1e0d1961c66fc4aa8ba16098df853f) Importer(815301076,1909f56bfc062723c751e8b465ee728b)
Start importing Assets/Scripts/GridManager.cs using Guid(bb1e0d1961c66fc4aa8ba16098df853f) Importer(815301076,1909f56bfc062723c751e8b465ee728b)  -> (artifact id: '70db8e01afc9437dbf29a96032679a4d') in 0.001937 seconds
  Import took 0.004306 seconds .

========================================================================
Received Prepare
Registering precompiled user dll's ...
Registered in 0.002896 seconds.
Begin MonoManager ReloadAssembly
Native extension for WindowsStandalone target not found
Refreshing native plugins compatible for Editor in 0.32 ms, found 2 plugins.
Preloading 0 native plugins for Editor in 0.00 ms.
Mono: successfully reloaded assembly
- Completed reload, in  0.744 seconds
Platform modules already initialized, skipping
Refreshing native plugins compatible for Editor in 0.28 ms, found 2 plugins.
Preloading 0 native plugins for Editor in 0.00 ms.
Unloading 1382 Unused Serialized files (Serialized files now loaded: 0)
System memory in use before: 68.0 MB.
System memory in use after: 68.1 MB.

Unloading 14 unused Assets to reduce memory usage. Loaded Objects now: 1869.
Total: 1.903900 ms (FindLiveObjects: 0.175700 ms CreateObjectMapping: 0.036100 ms MarkObjects: 1.639500 ms  DeleteObjects: 0.051400 ms)

========================================================================
Received Prepare
Registering precompiled user dll's ...
Registered in 0.002895 seconds.
Begin MonoManager ReloadAssembly
Native extension for WindowsStandalone target not found
Refreshing native plugins compatible for Editor in 0.31 ms, found 2 plugins.
Preloading 0 native plugins for Editor in 0.00 ms.
Mono: successfully reloaded assembly
- Completed reload, in  0.734 seconds
Platform modules already initialized, skipping
Refreshing native plugins compatible for Editor in 0.32 ms, found 2 plugins.
Preloading 0 native plugins for Editor in 0.00 ms.
Unloading 1382 Unused Serialized files (Serialized files now loaded: 0)
System memory in use before: 68.0 MB.
System memory in use after: 68.1 MB.

Unloading 14 unused Assets to reduce memory usage. Loaded Objects now: 1872.
Total: 1.706700 ms (FindLiveObjects: 0.158400 ms CreateObjectMapping: 0.035800 ms MarkObjects: 1.458500 ms  DeleteObjects: 0.052900 ms)

========================================================================
Received Import Request.
  Time since last request: 120.285844 seconds.
  path: Assets/Scripts/GridManager.cs
  artifactKey: Guid(bb1e0d1961c66fc4aa8ba16098df853f) Importer(815301076,1909f56bfc062723c751e8b465ee728b)
Start importing Assets/Scripts/GridManager.cs using Guid(bb1e0d1961c66fc4aa8ba16098df853f) Importer(815301076,1909f56bfc062723c751e8b465ee728b)  -> (artifact id: 'bc24c3511d6324519178ec66e7859fcd') in 0.005734 seconds
  Import took 0.008061 seconds .

========================================================================
Received Prepare
Registering precompiled user dll's ...
Registered in 0.002792 seconds.
Begin MonoManager ReloadAssembly
Native extension for WindowsStandalone target not found
Refreshing native plugins compatible for Editor in 0.31 ms, found 2 plugins.
Preloading 0 native plugins for Editor in 0.00 ms.
Mono: successfully reloaded assembly
- Completed reload, in  0.715 seconds
Platform modules already initialized, skipping
Refreshing native plugins compatible for Editor in 0.25 ms, found 2 plugins.
Preloading 0 native plugins for Editor in 0.00 ms.
Unloading 1382 Unused Serialized files (Serialized files now loaded: 0)
System memory in use before: 68.1 MB.
System memory in use after: 68.1 MB.

Unloading 14 unused Assets to reduce memory usage. Loaded Objects now: 1875.
Total: 1.899300 ms (FindLiveObjects: 0.151000 ms CreateObjectMapping: 0.033500 ms MarkObjects: 1.662100 ms  DeleteObjects: 0.051500 ms)

========================================================================
Received Prepare
Registering precompiled user dll's ...
Registered in 0.002812 seconds.
Begin MonoManager ReloadAssembly
Native extension for WindowsStandalone target not found
Refreshing native plugins compatible for Editor in 0.30 ms, found 2 plugins.
Preloading 0 native plugins for Editor in 0.00 ms.
Mono: successfully reloaded assembly
- Completed reload, in  0.721 seconds
Platform modules already initialized, skipping
Refreshing native plugins compatible for Editor in 0.30 ms, found 2 plugins.
Preloading 0 native plugins for Editor in 0.00 ms.
Unloading 1382 Unused Serialized files (Serialized files now loaded: 0)
System memory in use before: 68.1 MB.
System memory in use after: 68.1 MB.

Unloading 14 unused Assets to reduce memory usage. Loaded Objects now: 1878.
Total: 1.757900 ms (FindLiveObjects: 0.150900 ms CreateObjectMapping: 0.029300 ms MarkObjects: 1.526000 ms  DeleteObjects: 0.050700 ms)

========================================================================
Received Import Request.
  Time since last request: 45.691611 seconds.
  path: Assets/Scripts/GridManager.cs
  artifactKey: Guid(bb1e0d1961c66fc4aa8ba16098df853f) Importer(815301076,1909f56bfc062723c751e8b465ee728b)
Start importing Assets/Scripts/GridManager.cs using Guid(bb1e0d1961c66fc4aa8ba16098df853f) Importer(815301076,1909f56bfc062723c751e8b465ee728b)  -> (artifact id: '0dfe132651e72db89512a6dbfeebae9b') in 0.005635 seconds
  Import took 0.007536 seconds .

========================================================================
Received Prepare
Registering precompiled user dll's ...
Registered in 0.003579 seconds.
Begin MonoManager ReloadAssembly
Native extension for WindowsStandalone target not found
Refreshing native plugins compatible for Editor in 0.30 ms, found 2 plugins.
Preloading 0 native plugins for Editor in 0.00 ms.
Mono: successfully reloaded assembly
- Completed reload, in  0.729 seconds
Platform modules already initialized, skipping
Refreshing native plugins compatible for Editor in 0.33 ms, found 2 plugins.
Preloading 0 native plugins for Editor in 0.00 ms.
Unloading 1382 Unused Serialized files (Serialized files now loaded: 0)
System memory in use before: 68.1 MB.
System memory in use after: 68.1 MB.

Unloading 14 unused Assets to reduce memory usage. Loaded Objects now: 1881.
Total: 1.822200 ms (FindLiveObjects: 0.144700 ms CreateObjectMapping: 0.029100 ms MarkObjects: 1.593800 ms  DeleteObjects: 0.053300 ms)

========================================================================
Received Prepare
Registering precompiled user dll's ...
Registered in 0.002745 seconds.
Begin MonoManager ReloadAssembly
Native extension for WindowsStandalone target not found
Refreshing native plugins compatible for Editor in 0.32 ms, found 2 plugins.
Preloading 0 native plugins for Editor in 0.00 ms.
Mono: successfully reloaded assembly
- Completed reload, in  0.730 seconds
Platform modules already initialized, skipping
Refreshing native plugins compatible for Editor in 0.59 ms, found 2 plugins.
Preloading 0 native plugins for Editor in 0.00 ms.
Unloading 1382 Unused Serialized files (Serialized files now loaded: 0)
System memory in use before: 68.1 MB.
System memory in use after: 68.2 MB.

Unloading 14 unused Assets to reduce memory usage. Loaded Objects now: 1884.
Total: 1.622300 ms (FindLiveObjects: 0.151300 ms CreateObjectMapping: 0.029500 ms MarkObjects: 1.392300 ms  DeleteObjects: 0.048300 ms)

========================================================================
Received Import Request.
  Time since last request: 26.302830 seconds.
  path: Assets/Scripts/GridManager.cs
  artifactKey: Guid(bb1e0d1961c66fc4aa8ba16098df853f) Importer(815301076,1909f56bfc062723c751e8b465ee728b)
Start importing Assets/Scripts/GridManager.cs using Guid(bb1e0d1961c66fc4aa8ba16098df853f) Importer(815301076,1909f56bfc062723c751e8b465ee728b)  -> (artifact id: '0755bb7657ff39a756aa86c5341fd23e') in 0.003677 seconds
  Import took 0.005581 seconds .

========================================================================
Received Prepare
Registering precompiled user dll's ...
Registered in 0.002858 seconds.
Begin MonoManager ReloadAssembly
Native extension for WindowsStandalone target not found
Refreshing native plugins compatible for Editor in 0.30 ms, found 2 plugins.
Preloading 0 native plugins for Editor in 0.00 ms.
Mono: successfully reloaded assembly
- Completed reload, in  0.734 seconds
Platform modules already initialized, skipping
Refreshing native plugins compatible for Editor in 0.29 ms, found 2 plugins.
Preloading 0 native plugins for Editor in 0.00 ms.
Unloading 1382 Unused Serialized files (Serialized files now loaded: 0)
System memory in use before: 68.1 MB.
System memory in use after: 68.2 MB.

Unloading 14 unused Assets to reduce memory usage. Loaded Objects now: 1887.
Total: 1.879400 ms (FindLiveObjects: 0.159500 ms CreateObjectMapping: 0.029700 ms MarkObjects: 1.636800 ms  DeleteObjects: 0.052400 ms)

========================================================================
Received Prepare
Registering precompiled user dll's ...
Registered in 0.002825 seconds.
Begin MonoManager ReloadAssembly
Native extension for WindowsStandalone target not found
Refreshing native plugins compatible for Editor in 0.34 ms, found 2 plugins.
Preloading 0 native plugins for Editor in 0.00 ms.
Mono: successfully reloaded assembly
- Completed reload, in  0.763 seconds
Platform modules already initialized, skipping
Refreshing native plugins compatible for Editor in 0.32 ms, found 2 plugins.
Preloading 0 native plugins for Editor in 0.00 ms.
Unloading 1382 Unused Serialized files (Serialized files now loaded: 0)
System memory in use before: 68.1 MB.
System memory in use after: 68.2 MB.

Unloading 14 unused Assets to reduce memory usage. Loaded Objects now: 1890.
Total: 1.689500 ms (FindLiveObjects: 0.160300 ms CreateObjectMapping: 0.029700 ms MarkObjects: 1.446100 ms  DeleteObjects: 0.052200 ms)

========================================================================
Received Import Request.
  Time since last request: 15.207800 seconds.
  path: Assets/Scripts/GridManager.cs
  artifactKey: Guid(bb1e0d1961c66fc4aa8ba16098df853f) Importer(815301076,1909f56bfc062723c751e8b465ee728b)
Start importing Assets/Scripts/GridManager.cs using Guid(bb1e0d1961c66fc4aa8ba16098df853f) Importer(815301076,1909f56bfc062723c751e8b465ee728b)  -> (artifact id: 'dda7fdf2a7e18b20e092819461cb8f1b') in 0.005705 seconds
  Import took 0.007680 seconds .

========================================================================
Received Prepare
Registering precompiled user dll's ...
Registered in 0.003221 seconds.
Begin MonoManager ReloadAssembly
Native extension for WindowsStandalone target not found
Refreshing native plugins compatible for Editor in 0.30 ms, found 2 plugins.
Preloading 0 native plugins for Editor in 0.00 ms.
Mono: successfully reloaded assembly
- Completed reload, in  0.744 seconds
Platform modules already initialized, skipping
Refreshing native plugins compatible for Editor in 0.30 ms, found 2 plugins.
Preloading 0 native plugins for Editor in 0.00 ms.
Unloading 1382 Unused Serialized files (Serialized files now loaded: 0)
System memory in use before: 68.1 MB.
System memory in use after: 68.2 MB.

Unloading 14 unused Assets to reduce memory usage. Loaded Objects now: 1893.
Total: 1.882300 ms (FindLiveObjects: 0.160700 ms CreateObjectMapping: 0.034000 ms MarkObjects: 1.640500 ms  DeleteObjects: 0.046100 ms)

========================================================================
Received Prepare
Registering precompiled user dll's ...
Registered in 0.002877 seconds.
Begin MonoManager ReloadAssembly
Native extension for WindowsStandalone target not found
Refreshing native plugins compatible for Editor in 0.42 ms, found 2 plugins.
Preloading 0 native plugins for Editor in 0.00 ms.
Mono: successfully reloaded assembly
- Completed reload, in  0.724 seconds
Platform modules already initialized, skipping
Refreshing native plugins compatible for Editor in 0.31 ms, found 2 plugins.
Preloading 0 native plugins for Editor in 0.00 ms.
Unloading 1382 Unused Serialized files (Serialized files now loaded: 0)
System memory in use before: 68.1 MB.
System memory in use after: 68.2 MB.

Unloading 14 unused Assets to reduce memory usage. Loaded Objects now: 1896.
Total: 1.867700 ms (FindLiveObjects: 0.167500 ms CreateObjectMapping: 0.036200 ms MarkObjects: 1.611900 ms  DeleteObjects: 0.050800 ms)

========================================================================
Received Import Request.
  Time since last request: 101.123723 seconds.
  path: Assets/Scripts/GridManager.cs
  artifactKey: Guid(bb1e0d1961c66fc4aa8ba16098df853f) Importer(815301076,1909f56bfc062723c751e8b465ee728b)
Start importing Assets/Scripts/GridManager.cs using Guid(bb1e0d1961c66fc4aa8ba16098df853f) Importer(815301076,1909f56bfc062723c751e8b465ee728b)  -> (artifact id: '5882e9b9d207bda1d5e5c1abaf29ddf3') in 0.004407 seconds
  Import took 0.006563 seconds .

========================================================================
Received Prepare
Registering precompiled user dll's ...
Registered in 0.002966 seconds.
Begin MonoManager ReloadAssembly
Native extension for WindowsStandalone target not found
Refreshing native plugins compatible for Editor in 0.35 ms, found 2 plugins.
Preloading 0 native plugins for Editor in 0.00 ms.
Mono: successfully reloaded assembly
- Completed reload, in  0.738 seconds
Platform modules already initialized, skipping
Refreshing native plugins compatible for Editor in 0.27 ms, found 2 plugins.
Preloading 0 native plugins for Editor in 0.00 ms.
Unloading 1382 Unused Serialized files (Serialized files now loaded: 0)
System memory in use before: 68.1 MB.
System memory in use after: 68.2 MB.

Unloading 14 unused Assets to reduce memory usage. Loaded Objects now: 1899.
Total: 1.837600 ms (FindLiveObjects: 0.156600 ms CreateObjectMapping: 0.029800 ms MarkObjects: 1.600400 ms  DeleteObjects: 0.049700 ms)

========================================================================
Received Import Request.
  Time since last request: 21.549637 seconds.
  path: Assets/Scripts/GridManager.cs
  artifactKey: Guid(bb1e0d1961c66fc4aa8ba16098df853f) Importer(815301076,1909f56bfc062723c751e8b465ee728b)
Start importing Assets/Scripts/GridManager.cs using Guid(bb1e0d1961c66fc4aa8ba16098df853f) Importer(815301076,1909f56bfc062723c751e8b465ee728b)  -> (artifact id: '6da7ed875901614c9f0028f1121bdf59') in 0.006177 seconds
  Import took 0.008561 seconds .

========================================================================
Received Prepare
Registering precompiled user dll's ...
Registered in 0.002887 seconds.
Begin MonoManager ReloadAssembly
Native extension for WindowsStandalone target not found
Refreshing native plugins compatible for Editor in 0.31 ms, found 2 plugins.
Preloading 0 native plugins for Editor in 0.00 ms.
Mono: successfully reloaded assembly
- Completed reload, in  0.730 seconds
Platform modules already initialized, skipping
Refreshing native plugins compatible for Editor in 0.29 ms, found 2 plugins.
Preloading 0 native plugins for Editor in 0.00 ms.
Unloading 1382 Unused Serialized files (Serialized files now loaded: 0)
System memory in use before: 68.1 MB.
System memory in use after: 68.2 MB.

Unloading 14 unused Assets to reduce memory usage. Loaded Objects now: 1902.
Total: 1.803600 ms (FindLiveObjects: 0.162100 ms CreateObjectMapping: 0.028400 ms MarkObjects: 1.563900 ms  DeleteObjects: 0.048000 ms)

========================================================================
Received Prepare
Registering precompiled user dll's ...
Registered in 0.002744 seconds.
Begin MonoManager ReloadAssembly
Native extension for WindowsStandalone target not found
Refreshing native plugins compatible for Editor in 0.31 ms, found 2 plugins.
Preloading 0 native plugins for Editor in 0.00 ms.
Mono: successfully reloaded assembly
- Completed reload, in  0.726 seconds
Platform modules already initialized, skipping
Refreshing native plugins compatible for Editor in 0.35 ms, found 2 plugins.
Preloading 0 native plugins for Editor in 0.00 ms.
Unloading 1382 Unused Serialized files (Serialized files now loaded: 0)
System memory in use before: 68.1 MB.
System memory in use after: 68.2 MB.

Unloading 14 unused Assets to reduce memory usage. Loaded Objects now: 1905.
Total: 1.840500 ms (FindLiveObjects: 0.158000 ms CreateObjectMapping: 0.029900 ms MarkObjects: 1.599700 ms  DeleteObjects: 0.051800 ms)

========================================================================
Received Import Request.
  Time since last request: 44.671149 seconds.
  path: Assets/Scripts/GridManager.cs
  artifactKey: Guid(bb1e0d1961c66fc4aa8ba16098df853f) Importer(815301076,1909f56bfc062723c751e8b465ee728b)
Start importing Assets/Scripts/GridManager.cs using Guid(bb1e0d1961c66fc4aa8ba16098df853f) Importer(815301076,1909f56bfc062723c751e8b465ee728b)  -> (artifact id: '9aae67c5a4d41e2122ad7cddf62f21ee') in 0.003797 seconds
  Import took 0.005643 seconds .

========================================================================
Received Prepare
Registering precompiled user dll's ...
Registered in 0.002798 seconds.
Begin MonoManager ReloadAssembly
Native extension for WindowsStandalone target not found
Refreshing native plugins compatible for Editor in 0.30 ms, found 2 plugins.
Preloading 0 native plugins for Editor in 0.00 ms.
Mono: successfully reloaded assembly
- Completed reload, in  0.724 seconds
Platform modules already initialized, skipping
Refreshing native plugins compatible for Editor in 0.27 ms, found 2 plugins.
Preloading 0 native plugins for Editor in 0.00 ms.
Unloading 1382 Unused Serialized files (Serialized files now loaded: 0)
System memory in use before: 68.1 MB.
System memory in use after: 68.2 MB.

Unloading 14 unused Assets to reduce memory usage. Loaded Objects now: 1908.
Total: 1.942800 ms (FindLiveObjects: 0.164900 ms CreateObjectMapping: 0.036000 ms MarkObjects: 1.690400 ms  DeleteObjects: 0.050400 ms)

========================================================================
Received Import Request.
  Time since last request: 3321.365062 seconds.
  path: Assets/Scripts/New Folder
  artifactKey: Guid(43d9203e59a26b84598155c693ae0c44) Importer(815301076,1909f56bfc062723c751e8b465ee728b)
Start importing Assets/Scripts/New Folder using Guid(43d9203e59a26b84598155c693ae0c44) Importer(815301076,1909f56bfc062723c751e8b465ee728b)  -> (artifact id: 'fadb85098a2fab808e1fa4ec04b8bf09') in 0.009225 seconds
  Import took 0.011784 seconds .

========================================================================
Received Import Request.
  Time since last request: 21.360125 seconds.
  path: Assets/Scripts/BlockScript.cs
  artifactKey: Guid(62eee3d30b6a7194796e9fcad91d1a53) Importer(815301076,1909f56bfc062723c751e8b465ee728b)
Start importing Assets/Scripts/BlockScript.cs using Guid(62eee3d30b6a7194796e9fcad91d1a53) Importer(815301076,1909f56bfc062723c751e8b465ee728b)  -> (artifact id: 'd7ce60adbc5da0efc39d1dfadf8a132e') in 0.006534 seconds
  Import took 0.008894 seconds .

========================================================================
Received Prepare
Registering precompiled user dll's ...
Registered in 0.003238 seconds.
Begin MonoManager ReloadAssembly
Native extension for WindowsStandalone target not found
Refreshing native plugins compatible for Editor in 0.33 ms, found 2 plugins.
Preloading 0 native plugins for Editor in 0.00 ms.
Mono: successfully reloaded assembly
- Completed reload, in  0.760 seconds
Platform modules already initialized, skipping
Refreshing native plugins compatible for Editor in 0.29 ms, found 2 plugins.
Preloading 0 native plugins for Editor in 0.00 ms.
Unloading 1383 Unused Serialized files (Serialized files now loaded: 0)
System memory in use before: 68.2 MB.
System memory in use after: 68.2 MB.

Unloading 14 unused Assets to reduce memory usage. Loaded Objects now: 1912.
Total: 1.901900 ms (FindLiveObjects: 0.149500 ms CreateObjectMapping: 0.029200 ms MarkObjects: 1.664600 ms  DeleteObjects: 0.057400 ms)

========================================================================
Received Import Request.
  Time since last request: 95.349228 seconds.
  path: Assets/Scripts/BlockScript.cs
  artifactKey: Guid(62eee3d30b6a7194796e9fcad91d1a53) Importer(815301076,1909f56bfc062723c751e8b465ee728b)
Start importing Assets/Scripts/BlockScript.cs using Guid(62eee3d30b6a7194796e9fcad91d1a53) Importer(815301076,1909f56bfc062723c751e8b465ee728b)  -> (artifact id: '1a2db3bcd88a1bfefcabe435905b1f15') in 0.005896 seconds
  Import took 0.008087 seconds .

========================================================================
Received Prepare
Registering precompiled user dll's ...
Registered in 0.003086 seconds.
Begin MonoManager ReloadAssembly
Native extension for WindowsStandalone target not found
Refreshing native plugins compatible for Editor in 0.30 ms, found 2 plugins.
Preloading 0 native plugins for Editor in 0.00 ms.
Mono: successfully reloaded assembly
- Completed reload, in  0.701 seconds
Platform modules already initialized, skipping
Refreshing native plugins compatible for Editor in 0.26 ms, found 2 plugins.
Preloading 0 native plugins for Editor in 0.00 ms.
Unloading 1383 Unused Serialized files (Serialized files now loaded: 0)
System memory in use before: 68.2 MB.
System memory in use after: 68.2 MB.

Unloading 14 unused Assets to reduce memory usage. Loaded Objects now: 1915.
Total: 1.530200 ms (FindLiveObjects: 0.156100 ms CreateObjectMapping: 0.029200 ms MarkObjects: 1.306000 ms  DeleteObjects: 0.038100 ms)

========================================================================
Received Import Request.
  Time since last request: 31.845657 seconds.
  path: Assets/Cube.prefab
  artifactKey: Guid(2e827802f502c994bb40819cb207421c) Importer(815301076,1909f56bfc062723c751e8b465ee728b)
Start importing Assets/Cube.prefab using Guid(2e827802f502c994bb40819cb207421c) Importer(815301076,1909f56bfc062723c751e8b465ee728b)  -> (artifact id: '60aa1fdd2785de3ec2a2dd88c00e0beb') in 0.057172 seconds
  Import took 0.059422 seconds .

========================================================================
Received Import Request.
  Time since last request: 12.660338 seconds.
  path: Assets/Cube.prefab
  artifactKey: Guid(2e827802f502c994bb40819cb207421c) Importer(815301076,1909f56bfc062723c751e8b465ee728b)
Start importing Assets/Cube.prefab using Guid(2e827802f502c994bb40819cb207421c) Importer(815301076,1909f56bfc062723c751e8b465ee728b)  -> (artifact id: '7d9f3baef7e624c05aae9538da031ec6') in 0.007932 seconds
  Import took 0.010053 seconds .

========================================================================
Received Import Request.
  Time since last request: 0.007517 seconds.
  path: Assets/Cube.prefab
  artifactKey: Guid(2e827802f502c994bb40819cb207421c) Importer(815301076,1909f56bfc062723c751e8b465ee728b)
Start importing Assets/Cube.prefab using Guid(2e827802f502c994bb40819cb207421c) Importer(815301076,1909f56bfc062723c751e8b465ee728b)  -> (artifact id: '7d9f3baef7e624c05aae9538da031ec6') in 0.009450 seconds
  Import took 0.011600 seconds .

========================================================================
Received Import Request.
  Time since last request: 27.729207 seconds.
  path: ProjectSettings/TagManager.asset
  artifactKey: Guid(00000000000000003000000000000000) Importer(815301076,1909f56bfc062723c751e8b465ee728b)
Start importing ProjectSettings/TagManager.asset using Guid(00000000000000003000000000000000) Importer(815301076,1909f56bfc062723c751e8b465ee728b)  -> (artifact id: 'ce6a35c3cddc746e7501c0bd0ed6d4ce') in 0.007067 seconds
  Import took 0.009299 seconds .

========================================================================
Received Prepare
Registering precompiled user dll's ...
Registered in 0.003243 seconds.
Begin MonoManager ReloadAssembly
Native extension for WindowsStandalone target not found
Refreshing native plugins compatible for Editor in 0.30 ms, found 2 plugins.
Preloading 0 native plugins for Editor in 0.00 ms.
Mono: successfully reloaded assembly
- Completed reload, in  0.704 seconds
Platform modules already initialized, skipping
Refreshing native plugins compatible for Editor in 0.27 ms, found 2 plugins.
Preloading 0 native plugins for Editor in 0.00 ms.
Unloading 1383 Unused Serialized files (Serialized files now loaded: 0)
System memory in use before: 68.2 MB.
System memory in use after: 68.3 MB.

Unloading 16 unused Assets to reduce memory usage. Loaded Objects now: 1920.
Total: 1.868700 ms (FindLiveObjects: 0.158000 ms CreateObjectMapping: 0.029300 ms MarkObjects: 1.622300 ms  DeleteObjects: 0.057900 ms)

========================================================================
Received Prepare
Registering precompiled user dll's ...
Registered in 0.003085 seconds.
Begin MonoManager ReloadAssembly
Native extension for WindowsStandalone target not found
Refreshing native plugins compatible for Editor in 0.30 ms, found 2 plugins.
Preloading 0 native plugins for Editor in 0.00 ms.
Mono: successfully reloaded assembly
- Completed reload, in  0.736 seconds
Platform modules already initialized, skipping
Refreshing native plugins compatible for Editor in 0.31 ms, found 2 plugins.
Preloading 0 native plugins for Editor in 0.00 ms.
Unloading 1383 Unused Serialized files (Serialized files now loaded: 0)
System memory in use before: 68.2 MB.
System memory in use after: 68.3 MB.

Unloading 14 unused Assets to reduce memory usage. Loaded Objects now: 1923.
Total: 1.587200 ms (FindLiveObjects: 0.165600 ms CreateObjectMapping: 0.039400 ms MarkObjects: 1.339900 ms  DeleteObjects: 0.041500 ms)

========================================================================
Received Prepare
Registering precompiled user dll's ...
Registered in 0.003057 seconds.
Begin MonoManager ReloadAssembly
Native extension for WindowsStandalone target not found
Refreshing native plugins compatible for Editor in 0.30 ms, found 2 plugins.
Preloading 0 native plugins for Editor in 0.00 ms.
Mono: successfully reloaded assembly
- Completed reload, in  0.732 seconds
Platform modules already initialized, skipping
Refreshing native plugins compatible for Editor in 0.28 ms, found 2 plugins.
Preloading 0 native plugins for Editor in 0.00 ms.
Unloading 1383 Unused Serialized files (Serialized files now loaded: 0)
System memory in use before: 68.2 MB.
System memory in use after: 68.3 MB.

Unloading 14 unused Assets to reduce memory usage. Loaded Objects now: 1926.
Total: 1.571600 ms (FindLiveObjects: 0.127000 ms CreateObjectMapping: 0.029800 ms MarkObjects: 1.366100 ms  DeleteObjects: 0.047900 ms)

========================================================================
Received Prepare
Registering precompiled user dll's ...
Registered in 0.003283 seconds.
Begin MonoManager ReloadAssembly
Native extension for WindowsStandalone target not found
Refreshing native plugins compatible for Editor in 0.30 ms, found 2 plugins.
Preloading 0 native plugins for Editor in 0.00 ms.
Mono: successfully reloaded assembly
- Completed reload, in  0.734 seconds
Platform modules already initialized, skipping
Refreshing native plugins compatible for Editor in 0.28 ms, found 2 plugins.
Preloading 0 native plugins for Editor in 0.00 ms.
Unloading 1383 Unused Serialized files (Serialized files now loaded: 0)
System memory in use before: 68.2 MB.
System memory in use after: 68.3 MB.

Unloading 14 unused Assets to reduce memory usage. Loaded Objects now: 1929.
Total: 1.924000 ms (FindLiveObjects: 0.185500 ms CreateObjectMapping: 0.031800 ms MarkObjects: 1.657700 ms  DeleteObjects: 0.047900 ms)

========================================================================
Received Prepare
Registering precompiled user dll's ...
Registered in 0.003258 seconds.
Begin MonoManager ReloadAssembly
Native extension for WindowsStandalone target not found
Refreshing native plugins compatible for Editor in 0.32 ms, found 2 plugins.
Preloading 0 native plugins for Editor in 0.00 ms.
Mono: successfully reloaded assembly
- Completed reload, in  0.729 seconds
Platform modules already initialized, skipping
Refreshing native plugins compatible for Editor in 0.28 ms, found 2 plugins.
Preloading 0 native plugins for Editor in 0.00 ms.
Unloading 1383 Unused Serialized files (Serialized files now loaded: 0)
System memory in use before: 68.2 MB.
System memory in use after: 68.3 MB.

Unloading 14 unused Assets to reduce memory usage. Loaded Objects now: 1932.
Total: 1.927400 ms (FindLiveObjects: 0.170800 ms CreateObjectMapping: 0.036400 ms MarkObjects: 1.672200 ms  DeleteObjects: 0.047000 ms)

========================================================================
Received Import Request.
  Time since last request: 470.785914 seconds.
  path: Assets/Scripts/CharacterMovementAndInteractionSCript.cs
  artifactKey: Guid(f8713d1816c2a0a43b90bac117ee21ea) Importer(815301076,1909f56bfc062723c751e8b465ee728b)
Start importing Assets/Scripts/CharacterMovementAndInteractionSCript.cs using Guid(f8713d1816c2a0a43b90bac117ee21ea) Importer(815301076,1909f56bfc062723c751e8b465ee728b)  -> (artifact id: 'aa7564fc4c36ec3729c16edc192d8064') in 0.008992 seconds
  Import took 0.011192 seconds .

========================================================================
Received Prepare
Registering precompiled user dll's ...
Registered in 0.003145 seconds.
Begin MonoManager ReloadAssembly
Native extension for WindowsStandalone target not found
Refreshing native plugins compatible for Editor in 0.30 ms, found 2 plugins.
Preloading 0 native plugins for Editor in 0.00 ms.
Mono: successfully reloaded assembly
- Completed reload, in  0.722 seconds
Platform modules already initialized, skipping
Refreshing native plugins compatible for Editor in 0.30 ms, found 2 plugins.
Preloading 0 native plugins for Editor in 0.00 ms.
Unloading 1384 Unused Serialized files (Serialized files now loaded: 0)
System memory in use before: 68.2 MB.
System memory in use after: 68.3 MB.

Unloading 14 unused Assets to reduce memory usage. Loaded Objects now: 1936.
Total: 1.631900 ms (FindLiveObjects: 0.165700 ms CreateObjectMapping: 0.035400 ms MarkObjects: 1.388100 ms  DeleteObjects: 0.041400 ms)

========================================================================
Received Import Request.
  Time since last request: 14.130575 seconds.
  path: Assets/Scripts/CharacterMovementAndInteractionScript.cs
  artifactKey: Guid(f8713d1816c2a0a43b90bac117ee21ea) Importer(815301076,1909f56bfc062723c751e8b465ee728b)
Start importing Assets/Scripts/CharacterMovementAndInteractionScript.cs using Guid(f8713d1816c2a0a43b90bac117ee21ea) Importer(815301076,1909f56bfc062723c751e8b465ee728b)  -> (artifact id: '1b3c851bec5c789fb66307f27f6e1c14') in 0.007769 seconds
  Import took 0.010151 seconds .

========================================================================
Received Prepare
Registering precompiled user dll's ...
Registered in 0.003033 seconds.
Begin MonoManager ReloadAssembly
Native extension for WindowsStandalone target not found
Refreshing native plugins compatible for Editor in 0.30 ms, found 2 plugins.
Preloading 0 native plugins for Editor in 0.00 ms.
Mono: successfully reloaded assembly
- Completed reload, in  0.727 seconds
Platform modules already initialized, skipping
Refreshing native plugins compatible for Editor in 0.30 ms, found 2 plugins.
Preloading 0 native plugins for Editor in 0.00 ms.
Unloading 1384 Unused Serialized files (Serialized files now loaded: 0)
System memory in use before: 68.2 MB.
System memory in use after: 68.3 MB.

Unloading 14 unused Assets to reduce memory usage. Loaded Objects now: 1939.
Total: 1.889200 ms (FindLiveObjects: 0.160200 ms CreateObjectMapping: 0.033100 ms MarkObjects: 1.642600 ms  DeleteObjects: 0.052200 ms)

========================================================================
Received Import Request.
  Time since last request: 154.207644 seconds.
  path: Assets/Scripts/CharacterMovementAndInteractionScript.cs
  artifactKey: Guid(f8713d1816c2a0a43b90bac117ee21ea) Importer(815301076,1909f56bfc062723c751e8b465ee728b)
Start importing Assets/Scripts/CharacterMovementAndInteractionScript.cs using Guid(f8713d1816c2a0a43b90bac117ee21ea) Importer(815301076,1909f56bfc062723c751e8b465ee728b)  -> (artifact id: 'd0a07b640f0014756802424b5ad4624b') in 0.005871 seconds
  Import took 0.008115 seconds .

========================================================================
Received Prepare
Registering precompiled user dll's ...
Registered in 0.003289 seconds.
Begin MonoManager ReloadAssembly
Native extension for WindowsStandalone target not found
Refreshing native plugins compatible for Editor in 0.30 ms, found 2 plugins.
Preloading 0 native plugins for Editor in 0.00 ms.
Mono: successfully reloaded assembly
- Completed reload, in  0.725 seconds
Platform modules already initialized, skipping
Refreshing native plugins compatible for Editor in 0.29 ms, found 2 plugins.
Preloading 0 native plugins for Editor in 0.00 ms.
Unloading 1384 Unused Serialized files (Serialized files now loaded: 0)
System memory in use before: 68.2 MB.
System memory in use after: 68.3 MB.

Unloading 14 unused Assets to reduce memory usage. Loaded Objects now: 1942.
Total: 1.759100 ms (FindLiveObjects: 0.149900 ms CreateObjectMapping: 0.028400 ms MarkObjects: 1.535300 ms  DeleteObjects: 0.044500 ms)

========================================================================
Received Import Request.
  Time since last request: 123.517830 seconds.
  path: Assets/Materials/Arms.mat
  artifactKey: Guid(17d20b8634e071d4cb94659a87f9a65a) Importer(815301076,1909f56bfc062723c751e8b465ee728b)
Start importing Assets/Materials/Arms.mat using Guid(17d20b8634e071d4cb94659a87f9a65a) Importer(815301076,1909f56bfc062723c751e8b465ee728b)  -> (artifact id: '307742e8162533e5d050d79cb908d1f7') in 0.046596 seconds
  Import took 0.048895 seconds .

========================================================================
Received Import Request.
  Time since last request: 78.279298 seconds.
  path: Assets/Materials/CapsuleBody.mat
  artifactKey: Guid(9e78f8494157c6749b0e9c8acc8c1882) Importer(815301076,1909f56bfc062723c751e8b465ee728b)
Start importing Assets/Materials/CapsuleBody.mat using Guid(9e78f8494157c6749b0e9c8acc8c1882) Importer(815301076,1909f56bfc062723c751e8b465ee728b)  -> (artifact id: '1a991180138a127fdf3c552800188470') in 0.011251 seconds
  Import took 0.013324 seconds .

========================================================================
Received Import Request.
  Time since last request: 63.605947 seconds.
  path: Assets/Materials/Eyes.mat
  artifactKey: Guid(17d20b8634e071d4cb94659a87f9a65a) Importer(815301076,1909f56bfc062723c751e8b465ee728b)
Start importing Assets/Materials/Eyes.mat using Guid(17d20b8634e071d4cb94659a87f9a65a) Importer(815301076,1909f56bfc062723c751e8b465ee728b)  -> (artifact id: '55109578e069b86a2b7c36a05ec35aa1') in 0.013029 seconds
  Import took 0.015203 seconds .

========================================================================
Received Import Request.
  Time since last request: 69.298048 seconds.
  path: Assets/Materials/CapsuleBody.mat
  artifactKey: Guid(9e78f8494157c6749b0e9c8acc8c1882) Importer(815301076,1909f56bfc062723c751e8b465ee728b)
Start importing Assets/Materials/CapsuleBody.mat using Guid(9e78f8494157c6749b0e9c8acc8c1882) Importer(815301076,1909f56bfc062723c751e8b465ee728b)  -> (artifact id: 'bd196eada1d275b7e9cc386adca060a9') in 0.014589 seconds
  Import took 0.016788 seconds .

========================================================================
Received Import Request.
  Time since last request: 0.000139 seconds.
  path: Assets/Materials/Eyes.mat
  artifactKey: Guid(17d20b8634e071d4cb94659a87f9a65a) Importer(815301076,1909f56bfc062723c751e8b465ee728b)
Start importing Assets/Materials/Eyes.mat using Guid(17d20b8634e071d4cb94659a87f9a65a) Importer(815301076,1909f56bfc062723c751e8b465ee728b)  -> (artifact id: '1bfe98553dae0bf39855a26c080f8a27') in 0.010756 seconds
  Import took 0.012887 seconds .

========================================================================
Received Import Request.
  Time since last request: 0.010883 seconds.
  path: Assets/Materials/Eyes.mat
  artifactKey: Guid(17d20b8634e071d4cb94659a87f9a65a) Importer(815301076,1909f56bfc062723c751e8b465ee728b)
Start importing Assets/Materials/Eyes.mat using Guid(17d20b8634e071d4cb94659a87f9a65a) Importer(815301076,1909f56bfc062723c751e8b465ee728b)  -> (artifact id: '1bfe98553dae0bf39855a26c080f8a27') in 0.019423 seconds
  Import took 0.021556 seconds .

========================================================================
Received Import Request.
  Time since last request: 13.974559 seconds.
  path: Assets/Prefabs
  artifactKey: Guid(63fff84e366eba04399a582e9d0c87e1) Importer(815301076,1909f56bfc062723c751e8b465ee728b)
Start importing Assets/Prefabs using Guid(63fff84e366eba04399a582e9d0c87e1) Importer(815301076,1909f56bfc062723c751e8b465ee728b)  -> (artifact id: 'ff8bcd77ee59b7c09fd25e6a01961b63') in 0.005917 seconds
  Import took 0.007987 seconds .

========================================================================
Received Import Request.
  Time since last request: 5.056106 seconds.
  path: Assets/Prefabs/Player.prefab
  artifactKey: Guid(fa31722fe927af64ba8c648b821e4d54) Importer(815301076,1909f56bfc062723c751e8b465ee728b)
Start importing Assets/Prefabs/Player.prefab using Guid(fa31722fe927af64ba8c648b821e4d54) Importer(815301076,1909f56bfc062723c751e8b465ee728b)  -> (artifact id: '87eeaefd772971eac53598b99775e69e') in 0.021218 seconds
  Import took 0.023487 seconds .

========================================================================
Received Import Request.
  Time since last request: 0.006855 seconds.
  path: Assets/Prefabs/Player.prefab
  artifactKey: Guid(fa31722fe927af64ba8c648b821e4d54) Importer(815301076,1909f56bfc062723c751e8b465ee728b)
Start importing Assets/Prefabs/Player.prefab using Guid(fa31722fe927af64ba8c648b821e4d54) Importer(815301076,1909f56bfc062723c751e8b465ee728b)  -> (artifact id: '87eeaefd772971eac53598b99775e69e') in 0.025723 seconds
  Import took 0.028036 seconds .

========================================================================
Received Prepare
Registering precompiled user dll's ...
Registered in 0.003117 seconds.
Begin MonoManager ReloadAssembly
Native extension for WindowsStandalone target not found
Refreshing native plugins compatible for Editor in 0.30 ms, found 2 plugins.
Preloading 0 native plugins for Editor in 0.00 ms.
Mono: successfully reloaded assembly
- Completed reload, in  0.714 seconds
Platform modules already initialized, skipping
Refreshing native plugins compatible for Editor in 0.28 ms, found 2 plugins.
Preloading 0 native plugins for Editor in 0.00 ms.
Unloading 1384 Unused Serialized files (Serialized files now loaded: 0)
System memory in use before: 68.3 MB.
System memory in use after: 68.4 MB.

Unloading 14 unused Assets to reduce memory usage. Loaded Objects now: 1947.
Total: 1.816000 ms (FindLiveObjects: 0.160600 ms CreateObjectMapping: 0.034000 ms MarkObjects: 1.568900 ms  DeleteObjects: 0.051500 ms)

========================================================================
Received Import Request.
  Time since last request: 78.079473 seconds.
  path: Assets/Prefabs/Player.prefab
  artifactKey: Guid(fa31722fe927af64ba8c648b821e4d54) Importer(815301076,1909f56bfc062723c751e8b465ee728b)
Start importing Assets/Prefabs/Player.prefab using Guid(fa31722fe927af64ba8c648b821e4d54) Importer(815301076,1909f56bfc062723c751e8b465ee728b)  -> (artifact id: 'be37a447917cf8d94b32cf0b760c5aac') in 0.041937 seconds
  Import took 0.044235 seconds .

========================================================================
Received Prepare
Registering precompiled user dll's ...
Registered in 0.003208 seconds.
Begin MonoManager ReloadAssembly
Native extension for WindowsStandalone target not found
Refreshing native plugins compatible for Editor in 0.30 ms, found 2 plugins.
Preloading 0 native plugins for Editor in 0.00 ms.
Mono: successfully reloaded assembly
- Completed reload, in  0.707 seconds
Platform modules already initialized, skipping
Refreshing native plugins compatible for Editor in 0.29 ms, found 2 plugins.
Preloading 0 native plugins for Editor in 0.00 ms.
Unloading 1384 Unused Serialized files (Serialized files now loaded: 0)
System memory in use before: 68.3 MB.
System memory in use after: 68.4 MB.

Unloading 14 unused Assets to reduce memory usage. Loaded Objects now: 1951.
Total: 1.967100 ms (FindLiveObjects: 0.154300 ms CreateObjectMapping: 0.089100 ms MarkObjects: 1.671400 ms  DeleteObjects: 0.051100 ms)

========================================================================
Received Import Request.
  Time since last request: 37.670427 seconds.
  path: Assets/Prefabs/Player.prefab
  artifactKey: Guid(fa31722fe927af64ba8c648b821e4d54) Importer(815301076,1909f56bfc062723c751e8b465ee728b)
Start importing Assets/Prefabs/Player.prefab using Guid(fa31722fe927af64ba8c648b821e4d54) Importer(815301076,1909f56bfc062723c751e8b465ee728b)  -> (artifact id: 'f088b2e931e688d06aa91916dd90a91a') in 0.040865 seconds
  Import took 0.042925 seconds .

========================================================================
Received Prepare
Registering precompiled user dll's ...
Registered in 0.003217 seconds.
Begin MonoManager ReloadAssembly
Native extension for WindowsStandalone target not found
Refreshing native plugins compatible for Editor in 0.30 ms, found 2 plugins.
Preloading 0 native plugins for Editor in 0.00 ms.
Mono: successfully reloaded assembly
- Completed reload, in  0.724 seconds
Platform modules already initialized, skipping
Refreshing native plugins compatible for Editor in 0.27 ms, found 2 plugins.
Preloading 0 native plugins for Editor in 0.00 ms.
Unloading 1384 Unused Serialized files (Serialized files now loaded: 0)
System memory in use before: 68.3 MB.
System memory in use after: 68.4 MB.

Unloading 14 unused Assets to reduce memory usage. Loaded Objects now: 1955.
Total: 1.768500 ms (FindLiveObjects: 0.179800 ms CreateObjectMapping: 0.032000 ms MarkObjects: 1.503800 ms  DeleteObjects: 0.052100 ms)

========================================================================
Received Import Request.
  Time since last request: 26.718276 seconds.
  path: Assets/Prefabs/Player.prefab
  artifactKey: Guid(fa31722fe927af64ba8c648b821e4d54) Importer(815301076,1909f56bfc062723c751e8b465ee728b)
Start importing Assets/Prefabs/Player.prefab using Guid(fa31722fe927af64ba8c648b821e4d54) Importer(815301076,1909f56bfc062723c751e8b465ee728b)  -> (artifact id: 'a5ab5699b6d946c46c6fd80efc82fc13') in 0.041831 seconds
  Import took 0.043941 seconds .

========================================================================
Received Import Request.
  Time since last request: 1.687498 seconds.
  path: Assets/Prefabs/Player.prefab
  artifactKey: Guid(fa31722fe927af64ba8c648b821e4d54) Importer(815301076,1909f56bfc062723c751e8b465ee728b)
Start importing Assets/Prefabs/Player.prefab using Guid(fa31722fe927af64ba8c648b821e4d54) Importer(815301076,1909f56bfc062723c751e8b465ee728b)  -> (artifact id: '97a2c7b11d2a09c4c9bde1f656ded955') in 0.007976 seconds
  Import took 0.010204 seconds .

========================================================================
Received Import Request.
  Time since last request: 0.017331 seconds.
  path: Assets/Prefabs/Player.prefab
  artifactKey: Guid(fa31722fe927af64ba8c648b821e4d54) Importer(815301076,1909f56bfc062723c751e8b465ee728b)
Start importing Assets/Prefabs/Player.prefab using Guid(fa31722fe927af64ba8c648b821e4d54) Importer(815301076,1909f56bfc062723c751e8b465ee728b)  -> (artifact id: '97a2c7b11d2a09c4c9bde1f656ded955') in 0.009036 seconds
  Import took 0.011144 seconds .

========================================================================
Received Prepare
Registering precompiled user dll's ...
Registered in 0.003173 seconds.
Begin MonoManager ReloadAssembly
Native extension for WindowsStandalone target not found
Refreshing native plugins compatible for Editor in 0.32 ms, found 2 plugins.
Preloading 0 native plugins for Editor in 0.00 ms.
Mono: successfully reloaded assembly
- Completed reload, in  0.717 seconds
Platform modules already initialized, skipping
Refreshing native plugins compatible for Editor in 0.27 ms, found 2 plugins.
Preloading 0 native plugins for Editor in 0.00 ms.
Unloading 1384 Unused Serialized files (Serialized files now loaded: 0)
System memory in use before: 68.3 MB.
System memory in use after: 68.4 MB.

Unloading 14 unused Assets to reduce memory usage. Loaded Objects now: 1959.
Total: 1.738100 ms (FindLiveObjects: 0.144500 ms CreateObjectMapping: 0.034100 ms MarkObjects: 1.507100 ms  DeleteObjects: 0.051500 ms)

========================================================================
Received Import Request.
  Time since last request: 79.015732 seconds.
  path: Assets/Prefabs/Player.prefab
  artifactKey: Guid(fa31722fe927af64ba8c648b821e4d54) Importer(815301076,1909f56bfc062723c751e8b465ee728b)
Start importing Assets/Prefabs/Player.prefab using Guid(fa31722fe927af64ba8c648b821e4d54) Importer(815301076,1909f56bfc062723c751e8b465ee728b)  -> (artifact id: 'e5c3dc887b56d622046973a91ebc53be') in 0.044721 seconds
  Import took 0.046846 seconds .

========================================================================
Received Prepare
Registering precompiled user dll's ...
Registered in 0.003169 seconds.
Begin MonoManager ReloadAssembly
Native extension for WindowsStandalone target not found
Refreshing native plugins compatible for Editor in 0.31 ms, found 2 plugins.
Preloading 0 native plugins for Editor in 0.00 ms.
Mono: successfully reloaded assembly
- Completed reload, in  0.769 seconds
Platform modules already initialized, skipping
Refreshing native plugins compatible for Editor in 0.33 ms, found 2 plugins.
Preloading 0 native plugins for Editor in 0.00 ms.
Unloading 1384 Unused Serialized files (Serialized files now loaded: 0)
System memory in use before: 68.3 MB.
System memory in use after: 68.4 MB.

Unloading 14 unused Assets to reduce memory usage. Loaded Objects now: 1963.
Total: 1.993500 ms (FindLiveObjects: 0.168800 ms CreateObjectMapping: 0.030700 ms MarkObjects: 1.739500 ms  DeleteObjects: 0.053300 ms)

========================================================================
Received Prepare
Registering precompiled user dll's ...
Registered in 0.003129 seconds.
Begin MonoManager ReloadAssembly
Native extension for WindowsStandalone target not found
Refreshing native plugins compatible for Editor in 0.30 ms, found 2 plugins.
Preloading 0 native plugins for Editor in 0.00 ms.
Mono: successfully reloaded assembly
- Completed reload, in  0.704 seconds
Platform modules already initialized, skipping
Refreshing native plugins compatible for Editor in 0.26 ms, found 2 plugins.
Preloading 0 native plugins for Editor in 0.00 ms.
Unloading 1384 Unused Serialized files (Serialized files now loaded: 0)
System memory in use before: 68.3 MB.
System memory in use after: 68.4 MB.

Unloading 14 unused Assets to reduce memory usage. Loaded Objects now: 1966.
Total: 1.746300 ms (FindLiveObjects: 0.160900 ms CreateObjectMapping: 0.035800 ms MarkObjects: 1.495900 ms  DeleteObjects: 0.052900 ms)

========================================================================
Received Import Request.
  Time since last request: 559.200674 seconds.
  path: Assets/Prefabs/Cube.prefab
  artifactKey: Guid(2e827802f502c994bb40819cb207421c) Importer(815301076,1909f56bfc062723c751e8b465ee728b)
Start importing Assets/Prefabs/Cube.prefab using Guid(2e827802f502c994bb40819cb207421c) Importer(815301076,1909f56bfc062723c751e8b465ee728b)  -> (artifact id: 'ef7537f3f4db4a50fcd685250acceaa2') in 0.020891 seconds
  Import took 0.023563 seconds .

========================================================================
Received Import Request.
  Time since last request: 14.254872 seconds.
  path: Assets/Prefabs/Cube.prefab
  artifactKey: Guid(2e827802f502c994bb40819cb207421c) Importer(815301076,1909f56bfc062723c751e8b465ee728b)
Start importing Assets/Prefabs/Cube.prefab using Guid(2e827802f502c994bb40819cb207421c) Importer(815301076,1909f56bfc062723c751e8b465ee728b)  -> (artifact id: '070e7e3939f12340bc2b55beadb1cf73') in 0.003249 seconds
  Import took 0.005692 seconds .

========================================================================
Received Import Request.
  Time since last request: 0.009713 seconds.
  path: Assets/Prefabs/Cube.prefab
  artifactKey: Guid(2e827802f502c994bb40819cb207421c) Importer(815301076,1909f56bfc062723c751e8b465ee728b)
Start importing Assets/Prefabs/Cube.prefab using Guid(2e827802f502c994bb40819cb207421c) Importer(815301076,1909f56bfc062723c751e8b465ee728b)  -> (artifact id: '070e7e3939f12340bc2b55beadb1cf73') in 0.003487 seconds
  Import took 0.005611 seconds .

========================================================================
Received Import Request.
  Time since last request: 3.832814 seconds.
  path: Assets/Prefabs/Cube.prefab
  artifactKey: Guid(2e827802f502c994bb40819cb207421c) Importer(815301076,1909f56bfc062723c751e8b465ee728b)
Start importing Assets/Prefabs/Cube.prefab using Guid(2e827802f502c994bb40819cb207421c) Importer(815301076,1909f56bfc062723c751e8b465ee728b)  -> (artifact id: '35df65809da3255b46a7df71be2b49b4') in 0.003054 seconds
  Import took 0.005262 seconds .

========================================================================
Received Import Request.
  Time since last request: 0.014170 seconds.
  path: Assets/Prefabs/Cube.prefab
  artifactKey: Guid(2e827802f502c994bb40819cb207421c) Importer(815301076,1909f56bfc062723c751e8b465ee728b)
Start importing Assets/Prefabs/Cube.prefab using Guid(2e827802f502c994bb40819cb207421c) Importer(815301076,1909f56bfc062723c751e8b465ee728b)  -> (artifact id: '35df65809da3255b46a7df71be2b49b4') in 0.002932 seconds
  Import took 0.004945 seconds .

========================================================================
Received Import Request.
  Time since last request: 10.618556 seconds.
  path: Assets/Prefabs/Cube.prefab
  artifactKey: Guid(2e827802f502c994bb40819cb207421c) Importer(815301076,1909f56bfc062723c751e8b465ee728b)
Start importing Assets/Prefabs/Cube.prefab using Guid(2e827802f502c994bb40819cb207421c) Importer(815301076,1909f56bfc062723c751e8b465ee728b)  -> (artifact id: 'f7f1713cdc531ceeaf3261eca3db6ada') in 0.003143 seconds
  Import took 0.005630 seconds .

========================================================================
Received Import Request.
  Time since last request: 16.130366 seconds.
  path: Assets/Prefabs/Cube.prefab
  artifactKey: Guid(2e827802f502c994bb40819cb207421c) Importer(815301076,1909f56bfc062723c751e8b465ee728b)
Start importing Assets/Prefabs/Cube.prefab using Guid(2e827802f502c994bb40819cb207421c) Importer(815301076,1909f56bfc062723c751e8b465ee728b)  -> (artifact id: 'abfb9fd4f8d4a494da04866f173a3f9f') in 0.002886 seconds
  Import took 0.005321 seconds .

========================================================================
Received Import Request.
  Time since last request: 0.016973 seconds.
  path: Assets/Prefabs/Cube.prefab
  artifactKey: Guid(2e827802f502c994bb40819cb207421c) Importer(815301076,1909f56bfc062723c751e8b465ee728b)
Start importing Assets/Prefabs/Cube.prefab using Guid(2e827802f502c994bb40819cb207421c) Importer(815301076,1909f56bfc062723c751e8b465ee728b)  -> (artifact id: 'abfb9fd4f8d4a494da04866f173a3f9f') in 0.003177 seconds
  Import took 0.005401 seconds .

========================================================================
Received Prepare
Registering precompiled user dll's ...
Registered in 0.003100 seconds.
Begin MonoManager ReloadAssembly
Native extension for WindowsStandalone target not found
Refreshing native plugins compatible for Editor in 0.31 ms, found 2 plugins.
Preloading 0 native plugins for Editor in 0.00 ms.
Mono: successfully reloaded assembly
- Completed reload, in  0.702 seconds
Platform modules already initialized, skipping
Refreshing native plugins compatible for Editor in 0.27 ms, found 2 plugins.
Preloading 0 native plugins for Editor in 0.00 ms.
Unloading 1384 Unused Serialized files (Serialized files now loaded: 0)
System memory in use before: 68.4 MB.
System memory in use after: 68.4 MB.

Unloading 14 unused Assets to reduce memory usage. Loaded Objects now: 1969.
Total: 1.872200 ms (FindLiveObjects: 0.163900 ms CreateObjectMapping: 0.036200 ms MarkObjects: 1.619600 ms  DeleteObjects: 0.051400 ms)

========================================================================
Received Prepare
Registering precompiled user dll's ...
Registered in 0.003296 seconds.
Begin MonoManager ReloadAssembly
Native extension for WindowsStandalone target not found
Refreshing native plugins compatible for Editor in 0.29 ms, found 2 plugins.
Preloading 0 native plugins for Editor in 0.00 ms.
Mono: successfully reloaded assembly
- Completed reload, in  0.708 seconds
Platform modules already initialized, skipping
Refreshing native plugins compatible for Editor in 0.27 ms, found 2 plugins.
Preloading 0 native plugins for Editor in 0.00 ms.
Unloading 1384 Unused Serialized files (Serialized files now loaded: 0)
System memory in use before: 68.4 MB.
System memory in use after: 68.4 MB.

Unloading 14 unused Assets to reduce memory usage. Loaded Objects now: 1972.
Total: 1.585900 ms (FindLiveObjects: 0.161000 ms CreateObjectMapping: 0.035200 ms MarkObjects: 1.351900 ms  DeleteObjects: 0.037100 ms)

========================================================================
Received Import Request.
  Time since last request: 599.337452 seconds.
  path: ProjectSettings/TagManager.asset
  artifactKey: Guid(00000000000000003000000000000000) Importer(815301076,1909f56bfc062723c751e8b465ee728b)
Start importing ProjectSettings/TagManager.asset using Guid(00000000000000003000000000000000) Importer(815301076,1909f56bfc062723c751e8b465ee728b)  -> (artifact id: 'fbc1be420b0ad616c43b14a3010ee4f8') in 0.013445 seconds
  Import took 0.015619 seconds .

========================================================================
Received Import Request.
  Time since last request: 15.554918 seconds.
  path: Assets/Prefabs/Cube.prefab
  artifactKey: Guid(2e827802f502c994bb40819cb207421c) Importer(815301076,1909f56bfc062723c751e8b465ee728b)
Start importing Assets/Prefabs/Cube.prefab using Guid(2e827802f502c994bb40819cb207421c) Importer(815301076,1909f56bfc062723c751e8b465ee728b)  -> (artifact id: '56c87a80b24be8b79bcc5447fd6f97c9') in 0.044450 seconds
  Import took 0.047034 seconds .

========================================================================
Received Import Request.
  Time since last request: 0.003530 seconds.
  path: Assets/Prefabs/Cube.prefab
  artifactKey: Guid(2e827802f502c994bb40819cb207421c) Importer(815301076,1909f56bfc062723c751e8b465ee728b)
Start importing Assets/Prefabs/Cube.prefab using Guid(2e827802f502c994bb40819cb207421c) Importer(815301076,1909f56bfc062723c751e8b465ee728b)  -> (artifact id: '56c87a80b24be8b79bcc5447fd6f97c9') in 0.007367 seconds
  Import took 0.009796 seconds .

========================================================================
Received Import Request.
  Time since last request: 29.136385 seconds.
  path: Assets/Prefabs/Cube.prefab
  artifactKey: Guid(2e827802f502c994bb40819cb207421c) Importer(815301076,1909f56bfc062723c751e8b465ee728b)
Start importing Assets/Prefabs/Cube.prefab using Guid(2e827802f502c994bb40819cb207421c) Importer(815301076,1909f56bfc062723c751e8b465ee728b)  -> (artifact id: '1d49232a58023babf315af2183013ef0') in 0.008502 seconds
  Import took 0.011203 seconds .

========================================================================
Received Import Request.
  Time since last request: 0.005870 seconds.
  path: Assets/Prefabs/Cube.prefab
  artifactKey: Guid(2e827802f502c994bb40819cb207421c) Importer(815301076,1909f56bfc062723c751e8b465ee728b)
Start importing Assets/Prefabs/Cube.prefab using Guid(2e827802f502c994bb40819cb207421c) Importer(815301076,1909f56bfc062723c751e8b465ee728b)  -> (artifact id: '1d49232a58023babf315af2183013ef0') in 0.011876 seconds
  Import took 0.014071 seconds .

========================================================================
Received Prepare
Registering precompiled user dll's ...
Registered in 0.003226 seconds.
Begin MonoManager ReloadAssembly
Native extension for WindowsStandalone target not found
Refreshing native plugins compatible for Editor in 0.30 ms, found 2 plugins.
Preloading 0 native plugins for Editor in 0.00 ms.
Mono: successfully reloaded assembly
- Completed reload, in  0.729 seconds
Platform modules already initialized, skipping
Refreshing native plugins compatible for Editor in 0.30 ms, found 2 plugins.
Preloading 0 native plugins for Editor in 0.00 ms.
Unloading 1384 Unused Serialized files (Serialized files now loaded: 0)
System memory in use before: 68.5 MB.
System memory in use after: 68.6 MB.

Unloading 16 unused Assets to reduce memory usage. Loaded Objects now: 1978.
Total: 1.827100 ms (FindLiveObjects: 0.155300 ms CreateObjectMapping: 0.033700 ms MarkObjects: 1.576700 ms  DeleteObjects: 0.060500 ms)

========================================================================
Received Prepare
Registering precompiled user dll's ...
Registered in 0.003602 seconds.
Begin MonoManager ReloadAssembly
Native extension for WindowsStandalone target not found
Refreshing native plugins compatible for Editor in 0.33 ms, found 2 plugins.
Preloading 0 native plugins for Editor in 0.00 ms.
Mono: successfully reloaded assembly
- Completed reload, in  0.738 seconds
Platform modules already initialized, skipping
Refreshing native plugins compatible for Editor in 0.29 ms, found 2 plugins.
Preloading 0 native plugins for Editor in 0.00 ms.
Unloading 1384 Unused Serialized files (Serialized files now loaded: 0)
System memory in use before: 68.5 MB.
System memory in use after: 68.6 MB.

Unloading 14 unused Assets to reduce memory usage. Loaded Objects now: 1981.
Total: 1.911300 ms (FindLiveObjects: 0.162900 ms CreateObjectMapping: 0.032800 ms MarkObjects: 1.660600 ms  DeleteObjects: 0.053900 ms)

========================================================================
Received Prepare
Registering precompiled user dll's ...
Registered in 0.003200 seconds.
Begin MonoManager ReloadAssembly
Native extension for WindowsStandalone target not found
Refreshing native plugins compatible for Editor in 0.31 ms, found 2 plugins.
Preloading 0 native plugins for Editor in 0.00 ms.
Mono: successfully reloaded assembly
- Completed reload, in  0.728 seconds
Platform modules already initialized, skipping
Refreshing native plugins compatible for Editor in 0.30 ms, found 2 plugins.
Preloading 0 native plugins for Editor in 0.00 ms.
Unloading 1384 Unused Serialized files (Serialized files now loaded: 0)
System memory in use before: 68.5 MB.
System memory in use after: 68.6 MB.

Unloading 14 unused Assets to reduce memory usage. Loaded Objects now: 1984.
Total: 1.851000 ms (FindLiveObjects: 0.168700 ms CreateObjectMapping: 0.030300 ms MarkObjects: 1.598300 ms  DeleteObjects: 0.052700 ms)

========================================================================
Received Prepare
Registering precompiled user dll's ...
Registered in 0.004011 seconds.
Begin MonoManager ReloadAssembly
Native extension for WindowsStandalone target not found
Refreshing native plugins compatible for Editor in 0.30 ms, found 2 plugins.
Preloading 0 native plugins for Editor in 0.00 ms.
Mono: successfully reloaded assembly
- Completed reload, in  0.730 seconds
Platform modules already initialized, skipping
Refreshing native plugins compatible for Editor in 0.30 ms, found 2 plugins.
Preloading 0 native plugins for Editor in 0.00 ms.
Unloading 1384 Unused Serialized files (Serialized files now loaded: 0)
System memory in use before: 68.5 MB.
System memory in use after: 68.6 MB.

Unloading 14 unused Assets to reduce memory usage. Loaded Objects now: 1987.
Total: 1.580100 ms (FindLiveObjects: 0.149200 ms CreateObjectMapping: 0.031100 ms MarkObjects: 1.352300 ms  DeleteObjects: 0.046700 ms)

========================================================================
Received Prepare
Registering precompiled user dll's ...
Registered in 0.003155 seconds.
Begin MonoManager ReloadAssembly
Native extension for WindowsStandalone target not found
Refreshing native plugins compatible for Editor in 0.31 ms, found 2 plugins.
Preloading 0 native plugins for Editor in 0.00 ms.
Mono: successfully reloaded assembly
- Completed reload, in  0.728 seconds
Platform modules already initialized, skipping
Refreshing native plugins compatible for Editor in 0.31 ms, found 2 plugins.
Preloading 0 native plugins for Editor in 0.00 ms.
Unloading 1384 Unused Serialized files (Serialized files now loaded: 0)
System memory in use before: 68.5 MB.
System memory in use after: 68.6 MB.

Unloading 14 unused Assets to reduce memory usage. Loaded Objects now: 1990.
Total: 1.710100 ms (FindLiveObjects: 0.166700 ms CreateObjectMapping: 0.035200 ms MarkObjects: 1.461700 ms  DeleteObjects: 0.045600 ms)

========================================================================
Received Prepare
Registering precompiled user dll's ...
Registered in 0.003154 seconds.
Begin MonoManager ReloadAssembly
Native extension for WindowsStandalone target not found
Refreshing native plugins compatible for Editor in 0.30 ms, found 2 plugins.
Preloading 0 native plugins for Editor in 0.00 ms.
Mono: successfully reloaded assembly
- Completed reload, in  0.748 seconds
Platform modules already initialized, skipping
Refreshing native plugins compatible for Editor in 0.30 ms, found 2 plugins.
Preloading 0 native plugins for Editor in 0.00 ms.
Unloading 1384 Unused Serialized files (Serialized files now loaded: 0)
System memory in use before: 68.5 MB.
System memory in use after: 68.6 MB.

Unloading 14 unused Assets to reduce memory usage. Loaded Objects now: 1993.
Total: 1.602100 ms (FindLiveObjects: 0.163400 ms CreateObjectMapping: 0.030300 ms MarkObjects: 1.363200 ms  DeleteObjects: 0.044400 ms)

========================================================================
Received Prepare
Registering precompiled user dll's ...
Registered in 0.003137 seconds.
Begin MonoManager ReloadAssembly
Native extension for WindowsStandalone target not found
Refreshing native plugins compatible for Editor in 0.31 ms, found 2 plugins.
Preloading 0 native plugins for Editor in 0.00 ms.
Mono: successfully reloaded assembly
- Completed reload, in  0.713 seconds
Platform modules already initialized, skipping
Refreshing native plugins compatible for Editor in 0.25 ms, found 2 plugins.
Preloading 0 native plugins for Editor in 0.00 ms.
Unloading 1384 Unused Serialized files (Serialized files now loaded: 0)
System memory in use before: 68.5 MB.
System memory in use after: 68.6 MB.

Unloading 14 unused Assets to reduce memory usage. Loaded Objects now: 1996.
Total: 1.680500 ms (FindLiveObjects: 0.177300 ms CreateObjectMapping: 0.029700 ms MarkObjects: 1.423100 ms  DeleteObjects: 0.049700 ms)

========================================================================
Received Prepare
Registering precompiled user dll's ...
Registered in 0.003137 seconds.
Begin MonoManager ReloadAssembly
Native extension for WindowsStandalone target not found
Refreshing native plugins compatible for Editor in 0.30 ms, found 2 plugins.
Preloading 0 native plugins for Editor in 0.00 ms.
Mono: successfully reloaded assembly
- Completed reload, in  0.719 seconds
Platform modules already initialized, skipping
Refreshing native plugins compatible for Editor in 0.29 ms, found 2 plugins.
Preloading 0 native plugins for Editor in 0.00 ms.
Unloading 1384 Unused Serialized files (Serialized files now loaded: 0)
System memory in use before: 68.5 MB.
System memory in use after: 68.6 MB.

Unloading 14 unused Assets to reduce memory usage. Loaded Objects now: 1999.
Total: 1.639500 ms (FindLiveObjects: 0.174100 ms CreateObjectMapping: 0.031000 ms MarkObjects: 1.388200 ms  DeleteObjects: 0.045400 ms)

========================================================================
Received Prepare
Registering precompiled user dll's ...
Registered in 0.003115 seconds.
Begin MonoManager ReloadAssembly
Native extension for WindowsStandalone target not found
Refreshing native plugins compatible for Editor in 0.30 ms, found 2 plugins.
Preloading 0 native plugins for Editor in 0.00 ms.
Mono: successfully reloaded assembly
- Completed reload, in  0.734 seconds
Platform modules already initialized, skipping
Refreshing native plugins compatible for Editor in 0.32 ms, found 2 plugins.
Preloading 0 native plugins for Editor in 0.00 ms.
Unloading 1384 Unused Serialized files (Serialized files now loaded: 0)
System memory in use before: 68.5 MB.
System memory in use after: 68.6 MB.

Unloading 14 unused Assets to reduce memory usage. Loaded Objects now: 2002.
Total: 1.602800 ms (FindLiveObjects: 0.161600 ms CreateObjectMapping: 0.030100 ms MarkObjects: 1.368200 ms  DeleteObjects: 0.042200 ms)

========================================================================
Received Prepare
Registering precompiled user dll's ...
Registered in 0.003043 seconds.
Begin MonoManager ReloadAssembly
Native extension for WindowsStandalone target not found
Refreshing native plugins compatible for Editor in 0.30 ms, found 2 plugins.
Preloading 0 native plugins for Editor in 0.00 ms.
Mono: successfully reloaded assembly
- Completed reload, in  0.717 seconds
Platform modules already initialized, skipping
Refreshing native plugins compatible for Editor in 0.32 ms, found 2 plugins.
Preloading 0 native plugins for Editor in 0.00 ms.
Unloading 1384 Unused Serialized files (Serialized files now loaded: 0)
System memory in use before: 68.5 MB.
System memory in use after: 68.6 MB.

Unloading 14 unused Assets to reduce memory usage. Loaded Objects now: 2005.
Total: 1.833600 ms (FindLiveObjects: 0.171200 ms CreateObjectMapping: 0.033600 ms MarkObjects: 1.577400 ms  DeleteObjects: 0.050100 ms)

========================================================================
Received Prepare
Registering precompiled user dll's ...
Registered in 0.003124 seconds.
Begin MonoManager ReloadAssembly
Native extension for WindowsStandalone target not found
Refreshing native plugins compatible for Editor in 0.31 ms, found 2 plugins.
Preloading 0 native plugins for Editor in 0.00 ms.
Mono: successfully reloaded assembly
- Completed reload, in  0.743 seconds
Platform modules already initialized, skipping
Refreshing native plugins compatible for Editor in 0.31 ms, found 2 plugins.
Preloading 0 native plugins for Editor in 0.00 ms.
Unloading 1384 Unused Serialized files (Serialized files now loaded: 0)
System memory in use before: 68.5 MB.
System memory in use after: 68.6 MB.

Unloading 14 unused Assets to reduce memory usage. Loaded Objects now: 2008.
Total: 1.703500 ms (FindLiveObjects: 0.170000 ms CreateObjectMapping: 0.030300 ms MarkObjects: 1.451200 ms  DeleteObjects: 0.051000 ms)

========================================================================
Received Prepare
Registering precompiled user dll's ...
Registered in 0.003134 seconds.
Begin MonoManager ReloadAssembly
Native extension for WindowsStandalone target not found
Refreshing native plugins compatible for Editor in 0.30 ms, found 2 plugins.
Preloading 0 native plugins for Editor in 0.00 ms.
Mono: successfully reloaded assembly
- Completed reload, in  0.735 seconds
Platform modules already initialized, skipping
Refreshing native plugins compatible for Editor in 0.30 ms, found 2 plugins.
Preloading 0 native plugins for Editor in 0.00 ms.
Unloading 1384 Unused Serialized files (Serialized files now loaded: 0)
System memory in use before: 68.5 MB.
System memory in use after: 68.6 MB.

Unloading 14 unused Assets to reduce memory usage. Loaded Objects now: 2011.
Total: 1.854900 ms (FindLiveObjects: 0.182300 ms CreateObjectMapping: 0.034900 ms MarkObjects: 1.587600 ms  DeleteObjects: 0.049100 ms)

========================================================================
Received Prepare
Registering precompiled user dll's ...
Registered in 0.003103 seconds.
Begin MonoManager ReloadAssembly
Native extension for WindowsStandalone target not found
Refreshing native plugins compatible for Editor in 0.29 ms, found 2 plugins.
Preloading 0 native plugins for Editor in 0.00 ms.
Mono: successfully reloaded assembly
- Completed reload, in  0.730 seconds
Platform modules already initialized, skipping
Refreshing native plugins compatible for Editor in 0.29 ms, found 2 plugins.
Preloading 0 native plugins for Editor in 0.00 ms.
Unloading 1384 Unused Serialized files (Serialized files now loaded: 0)
System memory in use before: 68.5 MB.
System memory in use after: 68.6 MB.

Unloading 14 unused Assets to reduce memory usage. Loaded Objects now: 2014.
Total: 1.807700 ms (FindLiveObjects: 0.173800 ms CreateObjectMapping: 0.035600 ms MarkObjects: 1.551700 ms  DeleteObjects: 0.045700 ms)

========================================================================
Received Prepare
Registering precompiled user dll's ...
Registered in 0.003358 seconds.
Begin MonoManager ReloadAssembly
Native extension for WindowsStandalone target not found
Refreshing native plugins compatible for Editor in 0.36 ms, found 2 plugins.
Preloading 0 native plugins for Editor in 0.00 ms.
Mono: successfully reloaded assembly
- Completed reload, in  0.760 seconds
Platform modules already initialized, skipping
Refreshing native plugins compatible for Editor in 0.32 ms, found 2 plugins.
Preloading 0 native plugins for Editor in 0.00 ms.
Unloading 1384 Unused Serialized files (Serialized files now loaded: 0)
System memory in use before: 68.6 MB.
System memory in use after: 68.6 MB.

Unloading 14 unused Assets to reduce memory usage. Loaded Objects now: 2017.
Total: 1.808400 ms (FindLiveObjects: 0.191200 ms CreateObjectMapping: 0.029600 ms MarkObjects: 1.538100 ms  DeleteObjects: 0.048600 ms)

========================================================================
Received Prepare
Registering precompiled user dll's ...
Registered in 0.003086 seconds.
Begin MonoManager ReloadAssembly
Native extension for WindowsStandalone target not found
Refreshing native plugins compatible for Editor in 0.32 ms, found 2 plugins.
Preloading 0 native plugins for Editor in 0.00 ms.
Mono: successfully reloaded assembly
- Completed reload, in  0.734 seconds
Platform modules already initialized, skipping
Refreshing native plugins compatible for Editor in 0.29 ms, found 2 plugins.
Preloading 0 native plugins for Editor in 0.00 ms.
Unloading 1384 Unused Serialized files (Serialized files now loaded: 0)
System memory in use before: 68.6 MB.
System memory in use after: 68.6 MB.

Unloading 14 unused Assets to reduce memory usage. Loaded Objects now: 2020.
Total: 1.896100 ms (FindLiveObjects: 0.159600 ms CreateObjectMapping: 0.033400 ms MarkObjects: 1.649600 ms  DeleteObjects: 0.052400 ms)

========================================================================
Received Prepare
Registering precompiled user dll's ...
Registered in 0.003086 seconds.
Begin MonoManager ReloadAssembly
Native extension for WindowsStandalone target not found
Refreshing native plugins compatible for Editor in 0.29 ms, found 2 plugins.
Preloading 0 native plugins for Editor in 0.00 ms.
Mono: successfully reloaded assembly
- Completed reload, in  0.731 seconds
Platform modules already initialized, skipping
Refreshing native plugins compatible for Editor in 0.28 ms, found 2 plugins.
Preloading 0 native plugins for Editor in 0.00 ms.
Unloading 1384 Unused Serialized files (Serialized files now loaded: 0)
System memory in use before: 68.6 MB.
System memory in use after: 68.6 MB.

Unloading 14 unused Assets to reduce memory usage. Loaded Objects now: 2023.
Total: 1.673100 ms (FindLiveObjects: 0.172700 ms CreateObjectMapping: 0.035600 ms MarkObjects: 1.422700 ms  DeleteObjects: 0.041300 ms)

========================================================================
Received Prepare
Registering precompiled user dll's ...
Registered in 0.003057 seconds.
Begin MonoManager ReloadAssembly
Native extension for WindowsStandalone target not found
Refreshing native plugins compatible for Editor in 0.30 ms, found 2 plugins.
Preloading 0 native plugins for Editor in 0.00 ms.
Mono: successfully reloaded assembly
- Completed reload, in  0.709 seconds
Platform modules already initialized, skipping
Refreshing native plugins compatible for Editor in 0.28 ms, found 2 plugins.
Preloading 0 native plugins for Editor in 0.00 ms.
Unloading 1384 Unused Serialized files (Serialized files now loaded: 0)
System memory in use before: 68.6 MB.
System memory in use after: 68.7 MB.

Unloading 14 unused Assets to reduce memory usage. Loaded Objects now: 2026.
Total: 1.610600 ms (FindLiveObjects: 0.181800 ms CreateObjectMapping: 0.030400 ms MarkObjects: 1.355400 ms  DeleteObjects: 0.042300 ms)

========================================================================
Received Import Request.
  Time since last request: 1150.541613 seconds.
  path: ProjectSettings/TagManager.asset
  artifactKey: Guid(00000000000000003000000000000000) Importer(815301076,1909f56bfc062723c751e8b465ee728b)
Start importing ProjectSettings/TagManager.asset using Guid(00000000000000003000000000000000) Importer(815301076,1909f56bfc062723c751e8b465ee728b)  -> (artifact id: '2a5f4c4b3631ea14b4a991e50dda5029') in 0.015380 seconds
  Import took 0.018097 seconds .

========================================================================
Received Prepare
Registering precompiled user dll's ...
Registered in 0.003029 seconds.
Begin MonoManager ReloadAssembly
Native extension for WindowsStandalone target not found
Refreshing native plugins compatible for Editor in 0.32 ms, found 2 plugins.
Preloading 0 native plugins for Editor in 0.00 ms.
Mono: successfully reloaded assembly
- Completed reload, in  0.722 seconds
Platform modules already initialized, skipping
Refreshing native plugins compatible for Editor in 0.28 ms, found 2 plugins.
Preloading 0 native plugins for Editor in 0.00 ms.
Unloading 1384 Unused Serialized files (Serialized files now loaded: 0)
System memory in use before: 68.6 MB.
System memory in use after: 68.7 MB.

Unloading 15 unused Assets to reduce memory usage. Loaded Objects now: 2029.
Total: 1.886900 ms (FindLiveObjects: 0.164900 ms CreateObjectMapping: 0.030300 ms MarkObjects: 1.638300 ms  DeleteObjects: 0.052400 ms)

========================================================================
Received Prepare
Registering precompiled user dll's ...
Registered in 0.004711 seconds.
Begin MonoManager ReloadAssembly
Native extension for WindowsStandalone target not found
Refreshing native plugins compatible for Editor in 0.32 ms, found 2 plugins.
Preloading 0 native plugins for Editor in 0.00 ms.
Mono: successfully reloaded assembly
- Completed reload, in  0.714 seconds
Platform modules already initialized, skipping
Refreshing native plugins compatible for Editor in 0.28 ms, found 2 plugins.
Preloading 0 native plugins for Editor in 0.00 ms.
Unloading 1384 Unused Serialized files (Serialized files now loaded: 0)
System memory in use before: 68.6 MB.
System memory in use after: 68.7 MB.

Unloading 14 unused Assets to reduce memory usage. Loaded Objects now: 2032.
Total: 1.858100 ms (FindLiveObjects: 0.163500 ms CreateObjectMapping: 0.030700 ms MarkObjects: 1.611500 ms  DeleteObjects: 0.051300 ms)

========================================================================
Received Prepare
Registering precompiled user dll's ...
Registered in 0.003302 seconds.
Begin MonoManager ReloadAssembly
Native extension for WindowsStandalone target not found
Refreshing native plugins compatible for Editor in 0.31 ms, found 2 plugins.
Preloading 0 native plugins for Editor in 0.00 ms.
Mono: successfully reloaded assembly
- Completed reload, in  0.722 seconds
Platform modules already initialized, skipping
Refreshing native plugins compatible for Editor in 0.28 ms, found 2 plugins.
Preloading 0 native plugins for Editor in 0.00 ms.
Unloading 1384 Unused Serialized files (Serialized files now loaded: 0)
System memory in use before: 68.6 MB.
System memory in use after: 68.7 MB.

Unloading 14 unused Assets to reduce memory usage. Loaded Objects now: 2035.
Total: 1.606700 ms (FindLiveObjects: 0.161000 ms CreateObjectMapping: 0.030300 ms MarkObjects: 1.373200 ms  DeleteObjects: 0.041400 ms)

========================================================================
Received Prepare
Registering precompiled user dll's ...
Registered in 0.003044 seconds.
Begin MonoManager ReloadAssembly
Native extension for WindowsStandalone target not found
Refreshing native plugins compatible for Editor in 0.30 ms, found 2 plugins.
Preloading 0 native plugins for Editor in 0.00 ms.
Mono: successfully reloaded assembly
- Completed reload, in  0.715 seconds
Platform modules already initialized, skipping
Refreshing native plugins compatible for Editor in 0.26 ms, found 2 plugins.
Preloading 0 native plugins for Editor in 0.00 ms.
Unloading 1384 Unused Serialized files (Serialized files now loaded: 0)
System memory in use before: 68.6 MB.
System memory in use after: 68.7 MB.

Unloading 14 unused Assets to reduce memory usage. Loaded Objects now: 2038.
Total: 1.836600 ms (FindLiveObjects: 0.167600 ms CreateObjectMapping: 0.035500 ms MarkObjects: 1.580100 ms  DeleteObjects: 0.052400 ms)

